<?xml version="1.0" encoding="UTF-8"?>
<!-- Generated by org.testng.reporters.JUnitXMLReporter -->
<testsuite ignored="0" hostname="jkabi" failures="0" tests="3" name="ForgetPW" time="0.724" errors="0" timestamp="2025-01-26T11:48:04 EST">
  <testcase classname="dynamicContents.ForgetPW" name="testwithEmptyemail" time="0.271"/>
  <testcase classname="dynamicContents.ForgetPW" name="testwithinvalidemailformat" time="0.231"/>
  <testcase classname="dynamicContents.ForgetPW" name="testwithvalidemailformat" time="0.217"/>
</testsuite> <!-- ForgetPW -->
