<?xml version="1.0" encoding="UTF-8"?>
<!-- Generated by org.testng.reporters.JUnitXMLReporter -->
<testsuite ignored="2" hostname="jkabi" failures="0" tests="1" name="Test" time="2.194" errors="0" timestamp="2025-01-24T18:07:09 EST">
  <testcase classname="dynamicContents.DynamicContentTest" name="testDynamicContent" time="2.164"/>
  <testcase classname="dynamicContents.BaseTest" name="@AfterSuite tearDown" time="0.0">
    <ignored/>
  </testcase> <!-- @AfterSuite tearDown -->
  <testcase classname="dynamicContents.BaseTest" name="@BeforeSuite setUp" time="0.0">
    <ignored/>
  </testcase> <!-- @BeforeSuite setUp -->
</testsuite> <!-- Test -->
